빌드 시작: 2013-12-04 오후 10:14:49
     1>2 노드의 "C:\Users\Kermit\다운로드\QPSK (3)\QPSK\QPSK.vcxproj" 프로젝트(build 대상)입니다.
     1>InitializeBuildStatus:
         "AlwaysCreate"이(가) 지정되었기 때문에 "Debug\QPSK.unsuccessfulbuild"을(를) 만들고 있습니다.
       ClCompile:
         c:\Program Files (x86)\Microsoft Visual Studio 10.0\VC\bin\CL.exe /c /ZI /nologo /W3 /WX- /Od /Oy- /D WIN32 /D _DEBUG /D _CONSOLE /D _UNICODE /D UNICODE /Gm /EHsc /RTC1 /MDd /GS /fp:precise /Zc:wchar_t /Zc:forScope /Fo"Debug\\" /Fd"Debug\vc100.pdb" /Gd /TP /analyze- /errorReport:prompt QPSK.cpp
         QPSK.cpp
     1>c:\users\kermit\다운로드\qpsk (3)\qpsk\qpsk.cpp(11): warning C4305: '=' : 'double'에서 'float'(으)로 잘립니다.
     1>c:\users\kermit\다운로드\qpsk (3)\qpsk\qpsk.cpp(14): warning C4996: 'fopen': This function or variable may be unsafe. Consider using fopen_s instead. To disable deprecation, use _CRT_SECURE_NO_WARNINGS. See online help for details.
                 c:\program files (x86)\microsoft visual studio 10.0\vc\include\stdio.h(234) : 'fopen' 선언을 참조하십시오.
     1>c:\users\kermit\다운로드\qpsk (3)\qpsk\qpsk.cpp(15): warning C4996: 'fopen': This function or variable may be unsafe. Consider using fopen_s instead. To disable deprecation, use _CRT_SECURE_NO_WARNINGS. See online help for details.
                 c:\program files (x86)\microsoft visual studio 10.0\vc\include\stdio.h(234) : 'fopen' 선언을 참조하십시오.
     1>c:\users\kermit\다운로드\qpsk (3)\qpsk\qpsk.cpp(16): warning C4996: 'fopen': This function or variable may be unsafe. Consider using fopen_s instead. To disable deprecation, use _CRT_SECURE_NO_WARNINGS. See online help for details.
                 c:\program files (x86)\microsoft visual studio 10.0\vc\include\stdio.h(234) : 'fopen' 선언을 참조하십시오.
     1>c:\users\kermit\다운로드\qpsk (3)\qpsk\qpsk.cpp(17): warning C4996: 'fopen': This function or variable may be unsafe. Consider using fopen_s instead. To disable deprecation, use _CRT_SECURE_NO_WARNINGS. See online help for details.
                 c:\program files (x86)\microsoft visual studio 10.0\vc\include\stdio.h(234) : 'fopen' 선언을 참조하십시오.
     1>c:\users\kermit\다운로드\qpsk (3)\qpsk\qpsk.cpp(18): warning C4996: 'fopen': This function or variable may be unsafe. Consider using fopen_s instead. To disable deprecation, use _CRT_SECURE_NO_WARNINGS. See online help for details.
                 c:\program files (x86)\microsoft visual studio 10.0\vc\include\stdio.h(234) : 'fopen' 선언을 참조하십시오.
     1>c:\users\kermit\다운로드\qpsk (3)\qpsk\qpsk.cpp(19): warning C4996: 'fopen': This function or variable may be unsafe. Consider using fopen_s instead. To disable deprecation, use _CRT_SECURE_NO_WARNINGS. See online help for details.
                 c:\program files (x86)\microsoft visual studio 10.0\vc\include\stdio.h(234) : 'fopen' 선언을 참조하십시오.
     1>c:\users\kermit\다운로드\qpsk (3)\qpsk\qpsk.cpp(20): warning C4996: 'fopen': This function or variable may be unsafe. Consider using fopen_s instead. To disable deprecation, use _CRT_SECURE_NO_WARNINGS. See online help for details.
                 c:\program files (x86)\microsoft visual studio 10.0\vc\include\stdio.h(234) : 'fopen' 선언을 참조하십시오.
     1>c:\users\kermit\다운로드\qpsk (3)\qpsk\qpsk.cpp(21): warning C4996: 'fopen': This function or variable may be unsafe. Consider using fopen_s instead. To disable deprecation, use _CRT_SECURE_NO_WARNINGS. See online help for details.
                 c:\program files (x86)\microsoft visual studio 10.0\vc\include\stdio.h(234) : 'fopen' 선언을 참조하십시오.
     1>c:\users\kermit\다운로드\qpsk (3)\qpsk\qpsk.cpp(22): warning C4996: 'fopen': This function or variable may be unsafe. Consider using fopen_s instead. To disable deprecation, use _CRT_SECURE_NO_WARNINGS. See online help for details.
                 c:\program files (x86)\microsoft visual studio 10.0\vc\include\stdio.h(234) : 'fopen' 선언을 참조하십시오.
     1>c:\users\kermit\다운로드\qpsk (3)\qpsk\qpsk.cpp(23): warning C4996: 'fopen': This function or variable may be unsafe. Consider using fopen_s instead. To disable deprecation, use _CRT_SECURE_NO_WARNINGS. See online help for details.
                 c:\program files (x86)\microsoft visual studio 10.0\vc\include\stdio.h(234) : 'fopen' 선언을 참조하십시오.
     1>c:\users\kermit\다운로드\qpsk (3)\qpsk\qpsk.cpp(28): warning C4244: '=' : 'int'에서 'float'(으)로 변환하면서 데이터가 손실될 수 있습니다.
     1>c:\users\kermit\다운로드\qpsk (3)\qpsk\qpsk.cpp(40): warning C4244: '=' : 'int'에서 'float'(으)로 변환하면서 데이터가 손실될 수 있습니다.
     1>c:\users\kermit\다운로드\qpsk (3)\qpsk\qpsk.cpp(44): warning C4244: '=' : 'int'에서 'float'(으)로 변환하면서 데이터가 손실될 수 있습니다.
     1>c:\users\kermit\다운로드\qpsk (3)\qpsk\qpsk.cpp(57): warning C4244: '=' : 'double'에서 'float'(으)로 변환하면서 데이터가 손실될 수 있습니다.
     1>c:\users\kermit\다운로드\qpsk (3)\qpsk\qpsk.cpp(58): warning C4996: 'fscanf': This function or variable may be unsafe. Consider using fscanf_s instead. To disable deprecation, use _CRT_SECURE_NO_WARNINGS. See online help for details.
                 c:\program files (x86)\microsoft visual studio 10.0\vc\include\stdio.h(253) : 'fscanf' 선언을 참조하십시오.
     1>c:\users\kermit\다운로드\qpsk (3)\qpsk\qpsk.cpp(59): warning C4244: '=' : 'double'에서 'float'(으)로 변환하면서 데이터가 손실될 수 있습니다.
     1>c:\users\kermit\다운로드\qpsk (3)\qpsk\qpsk.cpp(68): warning C4244: '=' : 'double'에서 'float'(으)로 변환하면서 데이터가 손실될 수 있습니다.
     1>c:\users\kermit\다운로드\qpsk (3)\qpsk\qpsk.cpp(69): warning C4996: 'fscanf': This function or variable may be unsafe. Consider using fscanf_s instead. To disable deprecation, use _CRT_SECURE_NO_WARNINGS. See online help for details.
                 c:\program files (x86)\microsoft visual studio 10.0\vc\include\stdio.h(253) : 'fscanf' 선언을 참조하십시오.
     1>c:\users\kermit\다운로드\qpsk (3)\qpsk\qpsk.cpp(71): warning C4244: '=' : 'double'에서 'float'(으)로 변환하면서 데이터가 손실될 수 있습니다.
     1>c:\users\kermit\다운로드\qpsk (3)\qpsk\qpsk.cpp(74): warning C4244: '=' : 'double'에서 'float'(으)로 변환하면서 데이터가 손실될 수 있습니다.
     1>c:\users\kermit\다운로드\qpsk (3)\qpsk\qpsk.cpp(75): warning C4244: '=' : 'double'에서 'float'(으)로 변환하면서 데이터가 손실될 수 있습니다.
       ManifestResourceCompile:
         C:\Program Files (x86)\Microsoft SDKs\Windows\v7.0A\bin\rc.exe /nologo /fo"Debug\QPSK.exe.embed.manifest.res" Debug\QPSK_manifest.rc 
       Link:
         c:\Program Files (x86)\Microsoft Visual Studio 10.0\VC\bin\link.exe /ERRORREPORT:PROMPT /OUT:"C:\Users\Kermit\다운로드\QPSK (3)\Debug\QPSK.exe" /INCREMENTAL /NOLOGO kernel32.lib user32.lib gdi32.lib winspool.lib comdlg32.lib advapi32.lib shell32.lib ole32.lib oleaut32.lib uuid.lib odbc32.lib odbccp32.lib /MANIFEST /ManifestFile:"Debug\QPSK.exe.intermediate.manifest" /MANIFESTUAC:"level='asInvoker' uiAccess='false'" /DEBUG /PDB:"C:\Users\Kermit\다운로드\QPSK (3)\Debug\QPSK.pdb" /SUBSYSTEM:CONSOLE /TLBID:1 /DYNAMICBASE /NXCOMPAT /IMPLIB:"C:\Users\Kermit\다운로드\QPSK (3)\Debug\QPSK.lib" /MACHINE:X86 Debug\QPSK.exe.embed.manifest.res
         Debug\QPSK.obj
         LINK : C:\Users\Kermit\다운로드\QPSK (3)\Debug\QPSK.exe을(를) 찾을 수 없거나 마지막 증분 링크에 의해 빌드되지 않았습니다. 전체 링크를 수행하고 있습니다.
       Manifest:
         C:\Program Files (x86)\Microsoft SDKs\Windows\v7.0A\bin\mt.exe /nologo /verbose /out:"Debug\QPSK.exe.embed.manifest" /manifest Debug\QPSK.exe.intermediate.manifest
         모든 출력이 최신 상태입니다.
       LinkEmbedManifest:
         모든 출력이 최신 상태입니다.
         QPSK.vcxproj -> C:\Users\Kermit\다운로드\QPSK (3)\Debug\QPSK.exe
       FinalizeBuildStatus:
         "Debug\QPSK.unsuccessfulbuild" 파일을 삭제하고 있습니다.
         "Debug\QPSK.lastbuildstate"에 연결(touching)하고 있습니다.
     1>"C:\Users\Kermit\다운로드\QPSK (3)\QPSK\QPSK.vcxproj" 프로젝트를 빌드했습니다(build 대상).

빌드했습니다.

경과 시간: 00:00:01.90
